0 info it worked if it ends with ok
1 verbose cli [ '/usr/local/bin/node', '/usr/local/bin/npm', 'publish' ]
2 info using npm@3.10.3
3 info using node@v6.7.0
4 verbose publish [ '.' ]
5 silly cache add args [ '.', null ]
6 verbose cache add spec .
7 silly cache add parsed spec Result {
7 silly cache add   raw: '.',
7 silly cache add   scope: null,
7 silly cache add   escapedName: null,
7 silly cache add   name: null,
7 silly cache add   rawSpec: '.',
7 silly cache add   spec: '/Users/zhou/work/react-json-form',
7 silly cache add   type: 'directory' }
8 verbose addLocalDirectory /Users/zhou/.npm/react-json-form/0.0.3/package.tgz not in flight; packing
9 verbose correctMkdir /Users/zhou/.npm correctMkdir not in flight; initializing
10 info lifecycle react-json-form@0.0.3~prepublish: react-json-form@0.0.3
11 silly lifecycle react-json-form@0.0.3~prepublish: no script for prepublish, continuing
12 verbose tar pack [ '/Users/zhou/.npm/react-json-form/0.0.3/package.tgz',
12 verbose tar pack   '/Users/zhou/work/react-json-form' ]
13 verbose tarball /Users/zhou/.npm/react-json-form/0.0.3/package.tgz
14 verbose folder /Users/zhou/work/react-json-form
15 verbose addLocalTarball adding from inside cache /Users/zhou/.npm/react-json-form/0.0.3/package.tgz
16 verbose correctMkdir /Users/zhou/.npm correctMkdir not in flight; initializing
17 silly cache afterAdd react-json-form@0.0.3
18 verbose afterAdd /Users/zhou/.npm/react-json-form/0.0.3/package/package.json not in flight; writing
19 verbose correctMkdir /Users/zhou/.npm correctMkdir not in flight; initializing
20 verbose afterAdd /Users/zhou/.npm/react-json-form/0.0.3/package/package.json written
21 silly publish { name: 'react-json-form',
21 silly publish   main: 'lib/index.js',
21 silly publish   version: '0.0.3',
21 silly publish   repository:
21 silly publish    { type: 'git',
21 silly publish      url: 'git://github.com/zhoujianlin8/react-json-form.git' },
21 silly publish   description: 'react json dom to the from ',
21 silly publish   keyword: [ 'react', 'from', 'json' ],
21 silly publish   dependencies: { 'message-event': '^0.0.1', 'react-dom-json': '^0.0.5' },
21 silly publish   scripts: { start: 'detail start', build: 'detail build' },
21 silly publish   devDependencies:
21 silly publish    { 'babel-core': '^6.7.4',
21 silly publish      'babel-loader': '^6.2.4',
21 silly publish      'babel-plugin-add-module-exports': '^0.2.1',
21 silly publish      'babel-preset-es2015': '~6.5.0',
21 silly publish      'babel-preset-react': '~6.5.0',
21 silly publish      'babel-preset-stage-0': '~6.5.0',
21 silly publish      'babel-polyfill': '~6.7.4',
21 silly publish      'css-loader': '^0.27.2',
21 silly publish      'less-loader': '~3.0.0',
21 silly publish      react: '~15.4.2',
21 silly publish      'react-dom': '~15.4.2',
21 silly publish      'fs-extra': '^0.30.0',
21 silly publish      webpack: '^2.2.1',
21 silly publish      glob: '^7.0.3',
21 silly publish      'node-sass': '^4.5.0',
21 silly publish      'sass-loader': '^6.0.3',
21 silly publish      'extract-text-webpack-plugin': '^2.1.0',
21 silly publish      'style-loader': '^0.13.2' },
21 silly publish   readme: '\n## react-json-form 模块\n```\nnpm install react-json-form  --save\n```\n* react-json-dom  render  use json to the dom\n\n## 使用\n\n````\nimport React,{Component} from \'react\';\nimport ReactDOM from \'react-dom\';\nimport \'./index.scss\';\nimport Engine,{register} from \'../src/index\';\nimport Input from \'./test/input\';\nimport Group from \'./test/group\';\nregister({\n    Input,\n    Group\n});\nclass Edit extends Component {\n    static defaultProps = {\n        state: {},\n        setState: ()=> {},\n        fire: ()=> {}\n    };\n    getState() {\n        return {\n            type: \'div\',\n            state: {},\n            data: this.props.state,\n            children: this.children\n        }\n    }\n    //重写\n    children = [\n        {\n            type: "Input",\n            state: {\n                value: \'$data.name\',\n            }\n        },{\n            type: "Group",\n            state: {\n                value: \'$data.age\',\n                name: \'$data.name\'\n            }\n        }\n    ];\n    render() {\n        return (\n            <Engine state={this.getState()} ref="engine" onOk={this.onOk.bind(this)} onCancel = {this.onCancel.bind(this)}/>\n        )\n    }\n\n    componentDidMount() {\n        const engine = this.refs.engine;\n        this.engine = engine;\n        this.listens(engine, engine.message)\n    }\n    onOk(engine){\n        engine.checkValid().then(()=>{\n            this.fetchData();\n        })\n    }\n    fetchData(data){\n        this.props.setState(data || this.engine.data)\n    }\n    onCancel(){\n        this.props.fire(\'OnEditCancel\')\n    }\n}\n\nReactDOM.render(<Edit />, document.getElementById(\'container\'));\n\n````\n\n\n＊ 详细使用请看demo\n\n\n\n',
21 silly publish   readmeFilename: 'README.md',
21 silly publish   gitHead: '9be1631644000240fa23e36ddfb283e9d894b841',
21 silly publish   bugs: { url: 'https://github.com/zhoujianlin8/react-json-form/issues' },
21 silly publish   homepage: 'https://github.com/zhoujianlin8/react-json-form#readme',
21 silly publish   _id: 'react-json-form@0.0.3',
21 silly publish   _shasum: '6fd9b27a3e275d4e2cfdc30d482232ea56197331',
21 silly publish   _from: '.' }
22 verbose getPublishConfig undefined
23 silly mapToRegistry name react-json-form
24 silly mapToRegistry using default registry
25 silly mapToRegistry registry https://registry.npmjs.org/
26 silly mapToRegistry data Result {
26 silly mapToRegistry   raw: 'react-json-form',
26 silly mapToRegistry   scope: null,
26 silly mapToRegistry   escapedName: 'react-json-form',
26 silly mapToRegistry   name: 'react-json-form',
26 silly mapToRegistry   rawSpec: '',
26 silly mapToRegistry   spec: 'latest',
26 silly mapToRegistry   type: 'tag' }
27 silly mapToRegistry uri https://registry.npmjs.org/react-json-form
28 verbose publish registryBase https://registry.npmjs.org/
29 silly publish uploading /Users/zhou/.npm/react-json-form/0.0.3/package.tgz
30 verbose request uri https://registry.npmjs.org/react-json-form
31 verbose request sending authorization for write operation
32 info attempt registry request try #1 at 15:28:33
33 verbose request using bearer token for auth
34 verbose request id 560e0ef5332e0da5
35 http request PUT https://registry.npmjs.org/react-json-form
36 http 403 https://registry.npmjs.org/react-json-form
37 verbose headers { 'content-type': 'application/json',
37 verbose headers   'cache-control': 'max-age=300',
37 verbose headers   'content-length': '109',
37 verbose headers   'accept-ranges': 'bytes',
37 verbose headers   date: 'Sun, 09 Apr 2017 07:28:38 GMT',
37 verbose headers   via: '1.1 varnish',
37 verbose headers   connection: 'keep-alive',
37 verbose headers   'x-served-by': 'cache-nrt6120-NRT',
37 verbose headers   'x-cache': 'MISS',
37 verbose headers   'x-cache-hits': '0',
37 verbose headers   'x-timer': 'S1491722918.233476,VS0,VE647',
37 verbose headers   vary: 'Accept-Encoding' }
38 verbose request invalidating /Users/zhou/.npm/registry.npmjs.org/react-json-form on PUT
39 error publish Failed PUT 403
40 verbose stack Error: you do not have permission to publish "react-json-form". Are you logged in as the correct user? : react-json-form
40 verbose stack     at makeError (/usr/local/lib/node_modules/npm/node_modules/npm-registry-client/lib/request.js:264:12)
40 verbose stack     at CachingRegistryClient.<anonymous> (/usr/local/lib/node_modules/npm/node_modules/npm-registry-client/lib/request.js:252:14)
40 verbose stack     at Request._callback (/usr/local/lib/node_modules/npm/node_modules/npm-registry-client/lib/request.js:172:14)
40 verbose stack     at Request.self.callback (/usr/local/lib/node_modules/npm/node_modules/request/request.js:200:22)
40 verbose stack     at emitTwo (events.js:106:13)
40 verbose stack     at Request.emit (events.js:191:7)
40 verbose stack     at Request.<anonymous> (/usr/local/lib/node_modules/npm/node_modules/request/request.js:1067:10)
40 verbose stack     at emitOne (events.js:101:20)
40 verbose stack     at Request.emit (events.js:188:7)
40 verbose stack     at IncomingMessage.<anonymous> (/usr/local/lib/node_modules/npm/node_modules/request/request.js:988:12)
41 verbose statusCode 403
42 verbose pkgid react-json-form
43 verbose cwd /Users/zhou/work/react-json-form
44 error Darwin 15.6.0
45 error argv "/usr/local/bin/node" "/usr/local/bin/npm" "publish"
46 error node v6.7.0
47 error npm  v3.10.3
48 error code E403
49 error you do not have permission to publish "react-json-form". Are you logged in as the correct user? : react-json-form
50 error If you need help, you may report this error at:
50 error     <https://github.com/npm/npm/issues>
51 verbose exit [ 1, true ]
